<?xml version="1.0" encoding="UTF-8"?>
<testsuite xmlns:xsi="http://www.w3.org/2001/XMLSchema-instance" xsi:noNamespaceSchemaLocation="https://maven.apache.org/surefire/maven-surefire-plugin/xsd/surefire-test-report.xsd" name="ru.netology.domain.PosterManagerTest" time="0.047" tests="5" errors="0" skipped="0" failures="0">
  <properties>
[...]
</properties>
  <testcase name="shouldTestAdd" classname="ru.netology.domain.PosterManagerTest" time="0.033"/>
  <testcase name="shouldTestFindAll" classname="ru.netology.domain.PosterManagerTest" time="0"/>
  <testcase name="shouldTestFindLastFromBegin" classname="ru.netology.domain.PosterManagerTest" time="0.001"/>
  <testcase name="shouldTestAddAnotherConstructor" classname="ru.netology.domain.PosterManagerTest" time="0"/>
  <testcase name="shouldTestFindLastFromMiddle" classname="ru.netology.domain.PosterManagerTest" time="0.001"/>
</testsuite>